<?xml version="1.0" encoding="UTF-8"?>
<!-- Generated by org.testng.reporters.JUnitReportReporter -->
<testsuite skipped="0" hostname="Lenovo" name="com.testNG_Features.Data_Provider_cls" tests="3" failures="0" timestamp="2021-11-27T00:19:41 IST" time="0.063" errors="0">
  <testcase name="given_data" time="0.032" classname="com.testNG_Features.Data_Provider_cls"/>
  <system-out/>
  <testcase name="given_data" time="0.013" classname="com.testNG_Features.Data_Provider_cls"/>
  <system-out/>
  <testcase name="given_data" time="0.018" classname="com.testNG_Features.Data_Provider_cls"/>
  <system-out/>
</testsuite> <!-- com.testNG_Features.Data_Provider_cls -->
