<?xml version="1.0" encoding="UTF-8"?>
<!-- Generated by org.testng.reporters.JUnitReportReporter -->
<testsuite skipped="0" hostname="Lenovo" name="com.testNG_Features.Priority_cls" tests="3" failures="0" timestamp="2021-11-22T22:38:59 IST" time="0.026" errors="0">
  <testcase name="setproperty" time="0.017" classname="com.testNG_Features.Priority_cls"/>
  <system-out/>
  <testcase name="url" time="0.004" classname="com.testNG_Features.Priority_cls"/>
  <system-out/>
  <testcase name="windowmaximize" time="0.005" classname="com.testNG_Features.Priority_cls"/>
  <system-out/>
</testsuite> <!-- com.testNG_Features.Priority_cls -->
