<?xml version="1.0" encoding="UTF-8"?>
<!-- Generated by org.testng.reporters.JUnitReportReporter -->
<testsuite skipped="1" hostname="Lenovo" name="com.testNG_Features.ignore_class" tests="3" failures="0" timestamp="2021-11-22T13:29:19 IST" time="0.089" errors="0">
  <testcase name="name" time="0.025" classname="com.testNG_Features.ignore_class"/>
  <system-out/>
  <testcase name="name1" time="0.064" classname="com.testNG_Features.ignore_class"/>
  <system-out/>
  <testcase name="name3" classname="com.testNG_Features.ignore_class">
    <skipped/>
  </testcase> <!-- name3 -->
  <system-out/>
</testsuite> <!-- com.testNG_Features.ignore_class -->
