<?xml version="1.0" encoding="UTF-8"?>
<!-- Generated by org.testng.reporters.JUnitReportReporter -->
<testsuite skipped="0" hostname="Lenovo" name="com.testNG_Features.Simple_Annotation" tests="2" failures="0" timestamp="2021-11-23T18:48:58 IST" time="0.032" errors="0">
  <testcase name="dress" time="0.028" classname="com.testNG_Features.Simple_Annotation"/>
  <system-out/>
  <testcase name="tshirt" time="0.004" classname="com.testNG_Features.Simple_Annotation"/>
  <system-out/>
</testsuite> <!-- com.testNG_Features.Simple_Annotation -->
