<?xml version="1.0" encoding="UTF-8"?>
<!-- Generated by org.testng.reporters.JUnitReportReporter -->
<testsuite skipped="0" hostname="Lenovo" name="com.testNG_Features.Invocation_cls" tests="5" failures="0" timestamp="2021-11-22T22:42:43 IST" time="0.060" errors="0">
  <testcase name="browser" time="0.020" classname="com.testNG_Features.Invocation_cls"/>
  <system-out/>
  <testcase name="referesh" time="0.012" classname="com.testNG_Features.Invocation_cls"/>
  <system-out/>
  <testcase name="referesh" time="0.005" classname="com.testNG_Features.Invocation_cls"/>
  <system-out/>
  <testcase name="referesh" time="0.013" classname="com.testNG_Features.Invocation_cls"/>
  <system-out/>
  <testcase name="click" time="0.010" classname="com.testNG_Features.Invocation_cls"/>
  <system-out/>
</testsuite> <!-- com.testNG_Features.Invocation_cls -->
