<?xml version="1.0" encoding="UTF-8"?>
<!-- Generated by org.testng.reporters.JUnitReportReporter -->
<testsuite skipped="0" hostname="Lenovo" name="com.testNG_Features.runner_hotel_testng" tests="10" failures="0" timestamp="2021-11-29T14:17:27 IST" time="26.361" errors="0">
  <testcase name="login" time="6.543" classname="com.testNG_Features.runner_hotel_testng"/>
  <system-out/>
  <testcase name="click" time="1.601" classname="com.testNG_Features.runner_hotel_testng"/>
  <system-out/>
  <testcase name="search" time="3.919" classname="com.testNG_Features.runner_hotel_testng"/>
  <system-out/>
  <testcase name="select" time="1.594" classname="com.testNG_Features.runner_hotel_testng"/>
  <system-out/>
  <testcase name="book" time="2.635" classname="com.testNG_Features.runner_hotel_testng"/>
  <system-out/>
  <testcase name="bc" time="7.659" classname="com.testNG_Features.runner_hotel_testng"/>
  <system-out/>
  <testcase name="bookiteration" time="0.147" classname="com.testNG_Features.runner_hotel_testng"/>
  <system-out/>
  <testcase name="bookiteration" time="0.127" classname="com.testNG_Features.runner_hotel_testng"/>
  <system-out/>
  <testcase name="bookiteration" time="0.125" classname="com.testNG_Features.runner_hotel_testng"/>
  <system-out/>
  <testcase name="deselect" time="2.011" classname="com.testNG_Features.runner_hotel_testng"/>
  <system-out/>
</testsuite> <!-- com.testNG_Features.runner_hotel_testng -->
