<?xml version="1.0" encoding="UTF-8"?>
<!-- Generated by org.testng.reporters.JUnitReportReporter -->
<testsuite skipped="0" hostname="Lenovo" name="com.testNG_Features.Grouping_cls" tests="4" failures="0" timestamp="2021-11-23T23:04:11 IST" time="0.044" errors="0">
  <testcase name="english" time="0.006" classname="com.testNG_Features.Grouping_cls"/>
  <system-out/>
  <testcase name="chrome" time="0.023" classname="com.testNG_Features.Grouping_cls"/>
  <system-out/>
  <testcase name="tamil" time="0.006" classname="com.testNG_Features.Grouping_cls"/>
  <system-out/>
  <testcase name="firefox" time="0.009" classname="com.testNG_Features.Grouping_cls"/>
  <system-out/>
</testsuite> <!-- com.testNG_Features.Grouping_cls -->
