<?xml version="1.0" encoding="UTF-8"?>
<!-- Generated by org.testng.reporters.JUnitReportReporter -->
<testsuite skipped="0" hostname="Lenovo" name="com.testNG_Features.Assert_verification_cls" tests="1" failures="0" timestamp="2021-11-22T23:10:42 IST" time="0.070" errors="0">
  <testcase name="name" time="0.070" classname="com.testNG_Features.Assert_verification_cls"/>
  <system-out/>
</testsuite> <!-- com.testNG_Features.Assert_verification_cls -->
