<?xml version="1.0" encoding="UTF-8"?>
<!-- Generated by org.testng.reporters.JUnitReportReporter -->
<testsuite skipped="0" hostname="Lenovo" name="com.testNG_Features.Runner_dress_Testng" tests="10" failures="0" timestamp="2021-11-25T22:46:45 IST" time="48.197" errors="0">
  <testcase name="url" time="8.503" classname="com.testNG_Features.Runner_dress_Testng"/>
  <system-out/>
  <testcase name="dress" time="8.465" classname="com.testNG_Features.Runner_dress_Testng"/>
  <system-out/>
  <testcase name="summary" time="3.146" classname="com.testNG_Features.Runner_dress_Testng"/>
  <system-out/>
  <testcase name="element" time="3.462" classname="com.testNG_Features.Runner_dress_Testng"/>
  <system-out/>
  <testcase name="login" time="7.642" classname="com.testNG_Features.Runner_dress_Testng"/>
  <system-out/>
  <testcase name="address" time="4.235" classname="com.testNG_Features.Runner_dress_Testng"/>
  <system-out/>
  <testcase name="checkbox" time="0.246" classname="com.testNG_Features.Runner_dress_Testng"/>
  <system-out/>
  <testcase name="shipping" time="2.337" classname="com.testNG_Features.Runner_dress_Testng"/>
  <system-out/>
  <testcase name="paymentTest" time="3.219" classname="com.testNG_Features.Runner_dress_Testng"/>
  <system-out/>
  <testcase name="completed" time="6.942" classname="com.testNG_Features.Runner_dress_Testng"/>
  <system-out/>
</testsuite> <!-- com.testNG_Features.Runner_dress_Testng -->
