<?xml version="1.0" encoding="UTF-8"?>
<!-- Generated by org.testng.reporters.JUnitReportReporter -->
<testsuite skipped="0" hostname="Lenovo" name="com.testNG_Features.Timeout_cls1" tests="1" failures="0" timestamp="2021-11-22T22:48:59 IST" time="5.048" errors="0">
  <testcase name="login" time="5.048" classname="com.testNG_Features.Timeout_cls1"/>
  <system-out/>
</testsuite> <!-- com.testNG_Features.Timeout_cls1 -->
